  [1m[35m (326.7ms)[0m  [1m[35mCREATE DATABASE "bumpify_development" ENCODING = 'unicode'[0m
  ↳ bin/rails:9
  [1m[35m (147.6ms)[0m  [1m[35mCREATE DATABASE "bumpify_test" ENCODING = 'unicode'[0m
  ↳ bin/rails:9
  [1m[35m (2.1ms)[0m  [1m[35mDROP DATABASE IF EXISTS "bumpify_development"[0m
  ↳ bin/rails:9
  [1m[35m (0.2ms)[0m  [1m[35mDROP DATABASE IF EXISTS "bumpify_test"[0m
  ↳ bin/rails:9
  [1m[35m (228.7ms)[0m  [1m[35mCREATE DATABASE "bumpify_development" ENCODING = 'unicode'[0m
  ↳ bin/rails:9
  [1m[35m (130.7ms)[0m  [1m[35mCREATE DATABASE "bumpify_test" ENCODING = 'unicode'[0m
  ↳ bin/rails:9
Started GET "/" for ::1 at 2020-02-10 20:33:21 -0500
Processing by Rails::WelcomeController#index as HTML
  Rendering /Users/Jay/.rbenv/versions/2.5.1/lib/ruby/gems/2.5.0/gems/railties-5.2.4.1/lib/rails/templates/rails/welcome/index.html.erb
  Rendered /Users/Jay/.rbenv/versions/2.5.1/lib/ruby/gems/2.5.0/gems/railties-5.2.4.1/lib/rails/templates/rails/welcome/index.html.erb (7.8ms)
Completed 200 OK in 41ms (Views: 29.0ms | ActiveRecord: 0.0ms)


Started GET "/" for ::1 at 2020-02-10 20:33:58 -0500
Processing by Rails::WelcomeController#index as HTML
  Rendering /Users/Jay/.rbenv/versions/2.5.1/lib/ruby/gems/2.5.0/gems/railties-5.2.4.1/lib/rails/templates/rails/welcome/index.html.erb
  Rendered /Users/Jay/.rbenv/versions/2.5.1/lib/ruby/gems/2.5.0/gems/railties-5.2.4.1/lib/rails/templates/rails/welcome/index.html.erb (5.7ms)
Completed 200 OK in 33ms (Views: 22.0ms | ActiveRecord: 0.0ms)


Started GET "/" for ::1 at 2020-02-10 20:34:13 -0500
Processing by Rails::WelcomeController#index as HTML
  Rendering /Users/Jay/.rbenv/versions/2.5.1/lib/ruby/gems/2.5.0/gems/railties-5.2.4.1/lib/rails/templates/rails/welcome/index.html.erb
  Rendered /Users/Jay/.rbenv/versions/2.5.1/lib/ruby/gems/2.5.0/gems/railties-5.2.4.1/lib/rails/templates/rails/welcome/index.html.erb (6.2ms)
Completed 200 OK in 30ms (Views: 14.9ms | ActiveRecord: 0.0ms)


  [1m[35m (32.8ms)[0m  [1m[35mCREATE TABLE "schema_migrations" ("version" character varying NOT NULL PRIMARY KEY)[0m
  ↳ bin/rails:9
  [1m[35m (7.6ms)[0m  [1m[35mCREATE TABLE "ar_internal_metadata" ("key" character varying NOT NULL PRIMARY KEY, "value" character varying, "created_at" timestamp NOT NULL, "updated_at" timestamp NOT NULL)[0m
  ↳ bin/rails:9
  [1m[35m (1.6ms)[0m  [1m[34mSELECT pg_try_advisory_lock(7099586742176792220)[0m
  ↳ bin/rails:9
  [1m[35m (0.9ms)[0m  [1m[34mSELECT "schema_migrations"."version" FROM "schema_migrations" ORDER BY "schema_migrations"."version" ASC[0m
  ↳ bin/rails:9
Migrating to CreateUsers (20200211013509)
  [1m[35m (0.2ms)[0m  [1m[35mBEGIN[0m
  ↳ bin/rails:9
  [1m[35m (14.1ms)[0m  [1m[35mCREATE TABLE "users" ("id" bigserial primary key, "email" character varying NOT NULL, "preferred_name" character varying NOT NULL, "DOB" date NOT NULL, "gender" character varying NOT NULL, "password_digest" character varying NOT NULL, "session_token" character varying NOT NULL, "created_at" timestamp NOT NULL, "updated_at" timestamp NOT NULL)[0m
  ↳ db/migrate/20200211013509_create_users.rb:3
  [1m[35m (2.4ms)[0m  [1m[35mCREATE UNIQUE INDEX  "index_users_on_email" ON "users"  ("email")[0m
  ↳ db/migrate/20200211013509_create_users.rb:13
  [1m[35m (2.2ms)[0m  [1m[35mCREATE  INDEX  "index_users_on_preferred_name" ON "users"  ("preferred_name")[0m
  ↳ db/migrate/20200211013509_create_users.rb:14
  [1m[36mActiveRecord::SchemaMigration Create (1.7ms)[0m  [1m[32mINSERT INTO "schema_migrations" ("version") VALUES ($1) RETURNING "version"[0m  [["version", "20200211013509"]]
  ↳ bin/rails:9
  [1m[35m (1.4ms)[0m  [1m[35mCOMMIT[0m
  ↳ bin/rails:9
  [1m[36mActiveRecord::InternalMetadata Load (0.5ms)[0m  [1m[34mSELECT  "ar_internal_metadata".* FROM "ar_internal_metadata" WHERE "ar_internal_metadata"."key" = $1 LIMIT $2[0m  [["key", "environment"], ["LIMIT", 1]]
  ↳ bin/rails:9
  [1m[35m (0.2ms)[0m  [1m[35mBEGIN[0m
  ↳ bin/rails:9
  [1m[36mActiveRecord::InternalMetadata Create (0.6ms)[0m  [1m[32mINSERT INTO "ar_internal_metadata" ("key", "value", "created_at", "updated_at") VALUES ($1, $2, $3, $4) RETURNING "key"[0m  [["key", "environment"], ["value", "development"], ["created_at", "2020-02-11 01:40:11.391896"], ["updated_at", "2020-02-11 01:40:11.391896"]]
  ↳ bin/rails:9
  [1m[35m (1.3ms)[0m  [1m[35mCOMMIT[0m
  ↳ bin/rails:9
  [1m[35m (0.3ms)[0m  [1m[34mSELECT pg_advisory_unlock(7099586742176792220)[0m
  ↳ bin/rails:9
  [1m[35m (0.4ms)[0m  [1m[34mSELECT "schema_migrations"."version" FROM "schema_migrations" ORDER BY "schema_migrations"."version" ASC[0m
  ↳ bin/rails:9
Started GET "/" for ::1 at 2020-02-10 20:49:51 -0500
  [1m[35m (1.4ms)[0m  [1m[34mSELECT "schema_migrations"."version" FROM "schema_migrations" ORDER BY "schema_migrations"."version" ASC[0m
  ↳ /Users/Jay/.rbenv/versions/2.5.1/lib/ruby/gems/2.5.0/gems/activerecord-5.2.4.1/lib/active_record/log_subscriber.rb:98
Processing by Rails::WelcomeController#index as HTML
  Rendering /Users/Jay/.rbenv/versions/2.5.1/lib/ruby/gems/2.5.0/gems/railties-5.2.4.1/lib/rails/templates/rails/welcome/index.html.erb
  Rendered /Users/Jay/.rbenv/versions/2.5.1/lib/ruby/gems/2.5.0/gems/railties-5.2.4.1/lib/rails/templates/rails/welcome/index.html.erb (3.7ms)
Completed 200 OK in 20ms (Views: 8.9ms | ActiveRecord: 0.0ms)


Started GET "/" for ::1 at 2020-02-10 20:50:02 -0500
Processing by Rails::WelcomeController#index as HTML
  Rendering /Users/Jay/.rbenv/versions/2.5.1/lib/ruby/gems/2.5.0/gems/railties-5.2.4.1/lib/rails/templates/rails/welcome/index.html.erb
  Rendered /Users/Jay/.rbenv/versions/2.5.1/lib/ruby/gems/2.5.0/gems/railties-5.2.4.1/lib/rails/templates/rails/welcome/index.html.erb (7.8ms)
Completed 200 OK in 48ms (Views: 32.6ms | ActiveRecord: 0.0ms)


Started GET "/api" for ::1 at 2020-02-10 20:50:11 -0500
  
ActionController::RoutingError (No route matches [GET] "/api"):
  
actionpack (5.2.4.1) lib/action_dispatch/middleware/debug_exceptions.rb:65:in `call'
web-console (3.7.0) lib/web_console/middleware.rb:135:in `call_app'
web-console (3.7.0) lib/web_console/middleware.rb:30:in `block in call'
web-console (3.7.0) lib/web_console/middleware.rb:20:in `catch'
web-console (3.7.0) lib/web_console/middleware.rb:20:in `call'
actionpack (5.2.4.1) lib/action_dispatch/middleware/show_exceptions.rb:33:in `call'
railties (5.2.4.1) lib/rails/rack/logger.rb:38:in `call_app'
railties (5.2.4.1) lib/rails/rack/logger.rb:26:in `block in call'
activesupport (5.2.4.1) lib/active_support/tagged_logging.rb:71:in `block in tagged'
activesupport (5.2.4.1) lib/active_support/tagged_logging.rb:28:in `tagged'
activesupport (5.2.4.1) lib/active_support/tagged_logging.rb:71:in `tagged'
railties (5.2.4.1) lib/rails/rack/logger.rb:26:in `call'
sprockets-rails (3.2.1) lib/sprockets/rails/quiet_assets.rb:13:in `call'
actionpack (5.2.4.1) lib/action_dispatch/middleware/remote_ip.rb:81:in `call'
actionpack (5.2.4.1) lib/action_dispatch/middleware/request_id.rb:27:in `call'
rack (2.2.2) lib/rack/method_override.rb:24:in `call'
rack (2.2.2) lib/rack/runtime.rb:22:in `call'
activesupport (5.2.4.1) lib/active_support/cache/strategy/local_cache_middleware.rb:29:in `call'
actionpack (5.2.4.1) lib/action_dispatch/middleware/executor.rb:14:in `call'
actionpack (5.2.4.1) lib/action_dispatch/middleware/static.rb:127:in `call'
rack (2.2.2) lib/rack/sendfile.rb:110:in `call'
railties (5.2.4.1) lib/rails/engine.rb:524:in `call'
puma (3.12.2) lib/puma/configuration.rb:227:in `call'
puma (3.12.2) lib/puma/server.rb:674:in `handle_request'
puma (3.12.2) lib/puma/server.rb:476:in `process_client'
puma (3.12.2) lib/puma/server.rb:334:in `block in run'
puma (3.12.2) lib/puma/thread_pool.rb:135:in `block in spawn_thread'
Started GET "/" for ::1 at 2020-02-10 20:51:40 -0500
Processing by Rails::WelcomeController#index as HTML
  Rendering /Users/Jay/.rbenv/versions/2.5.1/lib/ruby/gems/2.5.0/gems/railties-5.2.4.1/lib/rails/templates/rails/welcome/index.html.erb
  Rendered /Users/Jay/.rbenv/versions/2.5.1/lib/ruby/gems/2.5.0/gems/railties-5.2.4.1/lib/rails/templates/rails/welcome/index.html.erb (5.1ms)
Completed 200 OK in 26ms (Views: 11.6ms | ActiveRecord: 0.0ms)


  [1m[35m (1.2ms)[0m  [1m[34mSELECT "schema_migrations"."version" FROM "schema_migrations" ORDER BY "schema_migrations"."version" ASC[0m
  ↳ /Users/Jay/.rbenv/versions/2.5.1/bin/annotate:23
Started GET "/" for ::1 at 2020-02-10 21:23:24 -0500
Processing by Rails::WelcomeController#index as HTML
  Rendering /Users/Jay/.rbenv/versions/2.5.1/lib/ruby/gems/2.5.0/gems/railties-5.2.4.1/lib/rails/templates/rails/welcome/index.html.erb
  Rendered /Users/Jay/.rbenv/versions/2.5.1/lib/ruby/gems/2.5.0/gems/railties-5.2.4.1/lib/rails/templates/rails/welcome/index.html.erb (2.9ms)
Completed 200 OK in 16ms (Views: 9.9ms | ActiveRecord: 0.0ms)


Started GET "/" for ::1 at 2020-02-10 21:28:05 -0500
Processing by StaticPagesController#root as HTML
Completed 406 Not Acceptable in 231ms (ActiveRecord: 0.0ms)



ActionController::UnknownFormat - StaticPagesController#root is missing a template for this request format and variant.

request.formats: ["text/html"]
request.variant: []

NOTE! For XHR/Ajax or API requests, this action would normally respond with 204 No Content: an empty white screen. Since you're loading it in a web browser, we assume that you expected to actually render a template, not nothing, so we're showing an error to be extra-clear. If you expect 204 No Content, carry on. That's what you'll get from an XHR or API request. Give it a shot.:

Started POST "/__better_errors/8319dd355f8e90c6/variables" for ::1 at 2020-02-10 21:28:06 -0500
Started GET "/" for ::1 at 2020-02-11 08:27:04 -0500
  [1m[35m (1.4ms)[0m  [1m[34mSELECT "schema_migrations"."version" FROM "schema_migrations" ORDER BY "schema_migrations"."version" ASC[0m
  ↳ /Users/Jay/.rbenv/versions/2.5.1/lib/ruby/gems/2.5.0/gems/activerecord-5.2.4.1/lib/active_record/log_subscriber.rb:98
Processing by StaticPagesController#root as HTML
  Rendering static_pages/root.html.erb within layouts/application
  Rendered static_pages/root.html.erb within layouts/application (3.0ms)
Completed 200 OK in 3129ms (Views: 3124.3ms | ActiveRecord: 0.0ms)


